[+] Containers:
 |- [+] Container: /Game/ThirdPerson/Maps/ThirdPersonMap
 |   |- [+] ActorDescs:
 |   |   |- Guid:030320E44959246A60715C8ADB25723C BaseClass: NativeClass:/Script/Landscape.LandscapeStreamingProxy Name:LandscapeStreamingProxy_3ZVUH86V2Y6XJGRPON9S9G4CJ_1_0_1_0 Label:LandscapeStreamingProxy_0_1_0 SpatiallyLoaded:1 Bounds:IsValid=true, Min=(X=-25200.000 Y=-12600.000 Z=-100.000), Max=(X=-12600.000 Y=0.000 Z=100.000) RuntimeGrid:None EditorOnly:0 RuntimeOnly:0 HLODRelevant:1
 |   |   |- Guid:104783D94E11B2BA2FB1F0B13292805E BaseClass:/Game/Characters/NPC/Enemies/BP_Spawner.BP_Spawner_C NativeClass:/Script/Engine.Actor Name:BP_Spawner_C_UAID_D8BBC160FA90187901_1433764160 Label:BP_Spawner SpatiallyLoaded:1 Bounds:IsValid=true, Min=(X=376.642 Y=-2017.769 Z=-1284.737), Max=(X=3543.576 Y=1864.869 Z=1806.232) RuntimeGrid:None EditorOnly:0 RuntimeOnly:0 HLODRelevant:0
 |   |   |- Guid:2FB58999456391D349DC0F86DAC136ED BaseClass: NativeClass:/Script/Engine.SkyLight Name:SkyLight_1 Label:SkyLight SpatiallyLoaded:0 Bounds:IsValid=true, Min=(X=0.000 Y=0.000 Z=690.000), Max=(X=0.000 Y=0.000 Z=690.000) RuntimeGrid:None EditorOnly:0 RuntimeOnly:0 HLODRelevant:0 FolderPath:Lighting FolderGuid:963EC3EB4002CCE9759E2EBA541A873A
 |   |   |- Guid:316CF2A6494ACA4C0E4180A87D36AB8F BaseClass: NativeClass:/Script/Engine.ExponentialHeightFog Name:ExponentialHeightFog_0 Label:ExponentialHeightFog SpatiallyLoaded:0 Bounds:IsValid=true, Min=(X=-5600.000 Y=-50.000 Z=-6850.000), Max=(X=-5600.000 Y=-50.000 Z=-6850.000) RuntimeGrid:None EditorOnly:0 RuntimeOnly:0 HLODRelevant:0 FolderGuid:963EC3EB4002CCE9759E2EBA541A873A
 |   |   |- Guid:36F0C2DE4A0CE8BA0AB5A9914ADBE8F3 BaseClass: NativeClass:/Script/Landscape.LandscapeStreamingProxy Name:LandscapeStreamingProxy_3ZVUH86V2Y6XJGRPON9S9G4CJ_1_3_2_0 Label:LandscapeStreamingProxy_3_2_0 SpatiallyLoaded:1 Bounds:IsValid=true, Min=(X=12600.000 Y=0.000 Z=-100.000), Max=(X=25200.000 Y=12600.000 Z=100.000) RuntimeGrid:None EditorOnly:0 RuntimeOnly:0 HLODRelevant:1
 |   |   |- Guid:38EB59794D2C434251BC73AA317A26AA BaseClass: NativeClass:/Script/Landscape.LandscapeStreamingProxy Name:LandscapeStreamingProxy_3ZVUH86V2Y6XJGRPON9S9G4CJ_1_1_0_0 Label:LandscapeStreamingProxy_1_0_0 SpatiallyLoaded:1 Bounds:IsValid=true, Min=(X=-12600.000 Y=-25200.000 Z=-100.000), Max=(X=0.000 Y=-12600.000 Z=100.000) RuntimeGrid:None EditorOnly:0 RuntimeOnly:0 HLODRelevant:1
 |   |   |- Guid:3A00AA1C422CE54C0BDB60BAF471BFBB BaseClass: NativeClass:/Script/Engine.PlayerStart Name:PlayerStart_0 Label:PlayerStart SpatiallyLoaded:0 Bounds:IsValid=true, Min=(X=1760.000 Y=1290.000 Z=0.013), Max=(X=1840.000 Y=1370.000 Z=184.013) RuntimeGrid:None EditorOnly:0 RuntimeOnly:0 HLODRelevant:0
 |   |   |- Guid:430E6C02492CA4215A8652BF31216D70 BaseClass: NativeClass:/Script/Landscape.LandscapeStreamingProxy Name:LandscapeStreamingProxy_3ZVUH86V2Y6XJGRPON9S9G4CJ_1_3_1_0 Label:LandscapeStreamingProxy_3_1_0 SpatiallyLoaded:1 Bounds:IsValid=true, Min=(X=12600.000 Y=-12600.000 Z=-100.000), Max=(X=25200.000 Y=0.000 Z=100.000) RuntimeGrid:None EditorOnly:0 RuntimeOnly:0 HLODRelevant:1
 |   |   |- Guid:44B9FC6D4659D8E3B66320B9903FF3C3 BaseClass: NativeClass:/Script/Landscape.LandscapeSplineActor Name:LandscapeSplineActor_UAID_D8BBC160FA90027A01_1096987364 Label:LandscapeSplineActor SpatiallyLoaded:1 Bounds:IsValid=true, Min=(X=-1592.244 Y=-2929.286 Z=-18.750), Max=(X=3058.878 Y=2959.019 Z=134.640) RuntimeGrid:None EditorOnly:0 RuntimeOnly:0 HLODRelevant:1
 |   |   |- Guid:4D3BE93F4146AAAC8BBE79999D96D57F BaseClass: NativeClass:/Script/Engine.VolumetricCloud Name:VolumetricCloud_0 Label:VolumetricCloud SpatiallyLoaded:0 Bounds:IsValid=true, Min=(X=0.000 Y=0.000 Z=820.000), Max=(X=0.000 Y=0.000 Z=820.000) RuntimeGrid:None EditorOnly:0 RuntimeOnly:0 HLODRelevant:0 FolderPath:Lighting FolderGuid:963EC3EB4002CCE9759E2EBA541A873A
 |   |   |- Guid:4DB1EF02480F69CC6D26EC80B83A9819 BaseClass: NativeClass:/Script/Engine.StaticMeshActor Name:StaticMeshActor_UAID_D8BBC160FA900D7A01_1654465279 Label:animeGirl SpatiallyLoaded:1 Bounds:IsValid=true, Min=(X=602.051 Y=-1530.204 Z=4.532), Max=(X=768.110 Y=-1379.298 Z=652.741) RuntimeGrid:None EditorOnly:0 RuntimeOnly:0 HLODRelevant:1
 |   |   |- Guid:5FAF65E145A6BC22A350FAAC845D8EE2 BaseClass:/Game/Characters/NPC/BaseAndTowers/BP_PlatformTurret.BP_PlatformTurret_C NativeClass:/Script/Engine.Actor Name:BP_PlatformTurret_C_UAID_D8BBC160FA903B7C01_1104409491 Label:BP_PlatformTurret6 SpatiallyLoaded:1 Bounds:IsValid=true, Min=(X=2060.034 Y=1231.365 Z=-265.081), Max=(X=2460.034 Y=1631.365 Z=481.587) RuntimeGrid:None EditorOnly:0 RuntimeOnly:0 HLODRelevant:0
 |   |   |- Guid:6BAF4DDD444C60371492D3919DB42C97 BaseClass: NativeClass:/Script/Engine.WorldDataLayers Name:WorldDataLayers Label:None SpatiallyLoaded:0 Bounds:IsValid=true, Min=(X=0.000 Y=0.000 Z=0.000), Max=(X=0.000 Y=0.000 Z=0.000) RuntimeGrid:None EditorOnly:0 RuntimeOnly:0 HLODRelevant:0
 |   |   |- Guid:6C5BEF3F4640D2830B9FE7BAF0C05C03 BaseClass: NativeClass:/Script/Landscape.LandscapeStreamingProxy Name:LandscapeStreamingProxy_3ZVUH86V2Y6XJGRPON9S9G4CJ_1_3_3_0 Label:LandscapeStreamingProxy_3_3_0 SpatiallyLoaded:1 Bounds:IsValid=true, Min=(X=12600.000 Y=12600.000 Z=-100.000), Max=(X=25200.000 Y=25200.000 Z=100.000) RuntimeGrid:None EditorOnly:0 RuntimeOnly:0 HLODRelevant:1
 |   |   |- Guid:6C645BF3431C7929E5DF9C9E0E7BDF61 BaseClass: NativeClass:/Script/Landscape.LandscapeStreamingProxy Name:LandscapeStreamingProxy_3ZVUH86V2Y6XJGRPON9S9G4CJ_1_3_0_0 Label:LandscapeStreamingProxy_3_0_0 SpatiallyLoaded:1 Bounds:IsValid=true, Min=(X=12600.000 Y=-25200.000 Z=-100.000), Max=(X=25200.000 Y=-12600.000 Z=100.000) RuntimeGrid:None EditorOnly:0 RuntimeOnly:0 HLODRelevant:1
 |   |   |- Guid:7015D6CD46ECB835D00868ABEEADC358 BaseClass:/Game/Characters/NPC/BaseAndTowers/BP_PlatformTurret.BP_PlatformTurret_C NativeClass:/Script/Engine.Actor Name:BP_PlatformTurret_C_UAID_D8BBC160FA903B7C01_1094562487 Label:BP_PlatformTurret2 SpatiallyLoaded:1 Bounds:IsValid=true, Min=(X=1052.440 Y=2042.247 Z=-265.081), Max=(X=1452.440 Y=2442.247 Z=481.587) RuntimeGrid:None EditorOnly:0 RuntimeOnly:0 HLODRelevant:0
 |   |   |- Guid:7F707D074F7246042909708B4D897AD8 BaseClass: NativeClass:/Script/Landscape.LandscapeStreamingProxy Name:LandscapeStreamingProxy_3ZVUH86V2Y6XJGRPON9S9G4CJ_1_1_3_0 Label:LandscapeStreamingProxy_1_3_0 SpatiallyLoaded:1 Bounds:IsValid=true, Min=(X=-12600.000 Y=12600.000 Z=-100.000), Max=(X=0.000 Y=25200.000 Z=100.000) RuntimeGrid:None EditorOnly:0 RuntimeOnly:0 HLODRelevant:1
 |   |   |- Guid:8556C13A45082979EFAFC8A29C4DBC18 BaseClass: NativeClass:/Script/Landscape.Landscape Name:Landscape_UAID_D8BBC160FA90007A01_1509383005 Label:Landscape SpatiallyLoaded:0 Bounds:IsValid=true, Min=(X=-25200.000 Y=-25200.000 Z=0.000), Max=(X=-25200.000 Y=-25200.000 Z=0.000) RuntimeGrid:None EditorOnly:0 RuntimeOnly:0 HLODRelevant:0
 |   |   |- Guid:97EB87E24356E5AA22B95DB3F1D9F93F BaseClass: NativeClass:/Script/Landscape.LandscapeStreamingProxy Name:LandscapeStreamingProxy_3ZVUH86V2Y6XJGRPON9S9G4CJ_1_2_3_0 Label:LandscapeStreamingProxy_2_3_0 SpatiallyLoaded:1 Bounds:IsValid=true, Min=(X=0.000 Y=12600.000 Z=-100.000), Max=(X=12600.000 Y=25200.000 Z=100.000) RuntimeGrid:None EditorOnly:0 RuntimeOnly:0 HLODRelevant:1
 |   |   |- Guid:98580F3F4DD362E294FA40B82D2FF6CC BaseClass: NativeClass:/Script/Landscape.LandscapeStreamingProxy Name:LandscapeStreamingProxy_3ZVUH86V2Y6XJGRPON9S9G4CJ_1_2_1_0 Label:LandscapeStreamingProxy_2_1_0 SpatiallyLoaded:1 Bounds:IsValid=true, Min=(X=0.000 Y=-12600.000 Z=-100.000), Max=(X=12600.000 Y=0.000 Z=100.000) RuntimeGrid:None EditorOnly:0 RuntimeOnly:0 HLODRelevant:1
 |   |   |- Guid:9B021B41449A521EB05090A68E489B2B BaseClass: NativeClass:/Script/Landscape.LandscapeStreamingProxy Name:LandscapeStreamingProxy_3ZVUH86V2Y6XJGRPON9S9G4CJ_1_0_0_0 Label:LandscapeStreamingProxy_0_0_0 SpatiallyLoaded:1 Bounds:IsValid=true, Min=(X=-25200.000 Y=-25200.000 Z=-100.000), Max=(X=-12600.000 Y=-12600.000 Z=100.000) RuntimeGrid:None EditorOnly:0 RuntimeOnly:0 HLODRelevant:1
 |   |   |- Guid:9E8FEF42463F51E694A34F88CFFABB70 BaseClass: NativeClass:/Script/Landscape.LandscapeStreamingProxy Name:LandscapeStreamingProxy_3ZVUH86V2Y6XJGRPON9S9G4CJ_1_2_2_0 Label:LandscapeStreamingProxy_2_2_0 SpatiallyLoaded:1 Bounds:IsValid=true, Min=(X=0.000 Y=0.000 Z=-100.000), Max=(X=12600.000 Y=12600.000 Z=100.000) RuntimeGrid:None EditorOnly:0 RuntimeOnly:0 HLODRelevant:1
 |   |   |- Guid:A36EECCB40FD8764258009850E18E61D BaseClass: NativeClass:/Script/Landscape.LandscapeStreamingProxy Name:LandscapeStreamingProxy_3ZVUH86V2Y6XJGRPON9S9G4CJ_1_0_3_0 Label:LandscapeStreamingProxy_0_3_0 SpatiallyLoaded:1 Bounds:IsValid=true, Min=(X=-25200.000 Y=12600.000 Z=-100.000), Max=(X=-12600.000 Y=25200.000 Z=100.000) RuntimeGrid:None EditorOnly:0 RuntimeOnly:0 HLODRelevant:1
 |   |   |- Guid:A670447749827C281F5CEAA6B336A4E3 BaseClass:/Game/Characters/NPC/BaseAndTowers/BP_PlatformTurret.BP_PlatformTurret_C NativeClass:/Script/Engine.Actor Name:BP_PlatformTurret_C_UAID_D8BBC160FA903B7C01_1102197490 Label:BP_PlatformTurret5 SpatiallyLoaded:1 Bounds:IsValid=true, Min=(X=2060.034 Y=131.562 Z=-265.081), Max=(X=2460.034 Y=531.562 Z=481.587) RuntimeGrid:None EditorOnly:0 RuntimeOnly:0 HLODRelevant:0
 |   |   |- Guid:AAB20C58411457303C24A19191A74DB8 BaseClass:/Game/Characters/NPC/BaseAndTowers/BP_PlatformTurret.BP_PlatformTurret_C NativeClass:/Script/Engine.Actor Name:BP_PlatformTurret_C_UAID_D8BBC160FA903B7C01_1097646488 Label:BP_PlatformTurret3 SpatiallyLoaded:1 Bounds:IsValid=true, Min=(X=1052.440 Y=1138.033 Z=-265.081), Max=(X=1452.440 Y=1538.033 Z=481.587) RuntimeGrid:None EditorOnly:0 RuntimeOnly:0 HLODRelevant:0
 |   |   |- Guid:ACCA8CEF43CF6D124577B3A90CAA4518 BaseClass:/Game/Characters/NPC/Enemies/BP_Spawner.BP_Spawner_C NativeClass:/Script/Engine.Actor Name:BP_Spawner_C_UAID_D8BBC160FA90187901_1564069162 Label:BP_Spawner2 SpatiallyLoaded:1 Bounds:IsValid=true, Min=(X=-525.760 Y=-1444.538 Z=-1286.836), Max=(X=2798.837 Y=3945.635 Z=1804.133) RuntimeGrid:None EditorOnly:0 RuntimeOnly:0 HLODRelevant:0
 |   |   |- Guid:B785ED2844B84CFB91E7F39FE661CD99 BaseClass: NativeClass:/Script/Engine.DirectionalLight Name:DirectionalLight_0 Label:DirectionalLight SpatiallyLoaded:0 Bounds:IsValid=true, Min=(X=-1048576.000 Y=-1048576.000 Z=-1048576.000), Max=(X=1048576.000 Y=1048576.000 Z=1048576.000) RuntimeGrid:None EditorOnly:0 RuntimeOnly:0 HLODRelevant:0 FolderPath:Lighting FolderGuid:963EC3EB4002CCE9759E2EBA541A873A
 |   |   |- Guid:C3394C914DC6CBBF966A83ACB3CCF2DE BaseClass: NativeClass:/Script/Landscape.LandscapeStreamingProxy Name:LandscapeStreamingProxy_3ZVUH86V2Y6XJGRPON9S9G4CJ_1_1_1_0 Label:LandscapeStreamingProxy_1_1_0 SpatiallyLoaded:1 Bounds:IsValid=true, Min=(X=-12600.000 Y=-12600.000 Z=-100.000), Max=(X=0.000 Y=0.000 Z=100.000) RuntimeGrid:None EditorOnly:0 RuntimeOnly:0 HLODRelevant:1
 |   |   |- Guid:C976C69A4A2A68E6CB37E89ABBA03A8F BaseClass:/Game/Characters/NPC/BaseAndTowers/BP_PlatformTurret.BP_PlatformTurret_C NativeClass:/Script/Engine.Actor Name:BP_PlatformTurret_C_UAID_D8BBC160FA90F37901_1107702703 Label:BP_PlatformTurret SpatiallyLoaded:1 Bounds:IsValid=true, Min=(X=2180.524 Y=1922.978 Z=-265.081), Max=(X=2580.524 Y=2322.978 Z=481.587) RuntimeGrid:None EditorOnly:0 RuntimeOnly:0 HLODRelevant:0
 |   |   |- Guid:CCFF262C46EEFFDF319E7F9539CE697E BaseClass: NativeClass:/Script/Engine.SkyAtmosphere Name:SkyAtmosphere_0 Label:SkyAtmosphere SpatiallyLoaded:0 Bounds:IsValid=true, Min=(X=0.000 Y=0.000 Z=1020.000), Max=(X=0.000 Y=0.000 Z=1020.000) RuntimeGrid:None EditorOnly:0 RuntimeOnly:0 HLODRelevant:0 FolderPath:Lighting FolderGuid:963EC3EB4002CCE9759E2EBA541A873A
 |   |   |- Guid:D636E9A24F23BDFA4B92668D4552509A BaseClass:/Game/Characters/NPC/BaseAndTowers/BP_PlatformTurret.BP_PlatformTurret_C NativeClass:/Script/Engine.Actor Name:BP_PlatformTurret_C_UAID_D8BBC160FA903B7C01_1107355492 Label:BP_PlatformTurret7 SpatiallyLoaded:1 Bounds:IsValid=true, Min=(X=779.572 Y=-954.698 Z=-265.081), Max=(X=1179.572 Y=-554.698 Z=481.587) RuntimeGrid:None EditorOnly:0 RuntimeOnly:0 HLODRelevant:0
 |   |   |- Guid:D6DD163E43BD3D4C97F59BA70CDB5F4C BaseClass: NativeClass:/Script/Landscape.LandscapeStreamingProxy Name:LandscapeStreamingProxy_3ZVUH86V2Y6XJGRPON9S9G4CJ_1_2_0_0 Label:LandscapeStreamingProxy_2_0_0 SpatiallyLoaded:1 Bounds:IsValid=true, Min=(X=0.000 Y=-25200.000 Z=-100.000), Max=(X=12600.000 Y=-12600.000 Z=100.000) RuntimeGrid:None EditorOnly:0 RuntimeOnly:0 HLODRelevant:1
 |   |   |- Guid:D8C8E0AF4E7255E3EBD63AB4F0F985A1 BaseClass:/Game/Characters/NPC/BaseAndTowers/BP_PlatformTurret.BP_PlatformTurret_C NativeClass:/Script/Engine.Actor Name:BP_PlatformTurret_C_UAID_D8BBC160FA903B7C01_1112791493 Label:BP_PlatformTurret8 SpatiallyLoaded:1 Bounds:IsValid=true, Min=(X=779.572 Y=63.015 Z=-265.081), Max=(X=1179.572 Y=463.015 Z=481.587) RuntimeGrid:None EditorOnly:0 RuntimeOnly:0 HLODRelevant:0
 |   |   |- Guid:DDA1FABD461E609D0707A19B60DE8396 BaseClass: NativeClass:/Script/Landscape.LandscapeStreamingProxy Name:LandscapeStreamingProxy_3ZVUH86V2Y6XJGRPON9S9G4CJ_1_1_2_0 Label:LandscapeStreamingProxy_1_2_0 SpatiallyLoaded:1 Bounds:IsValid=true, Min=(X=-12600.000 Y=0.000 Z=-100.000), Max=(X=0.000 Y=12600.000 Z=100.000) RuntimeGrid:None EditorOnly:0 RuntimeOnly:0 HLODRelevant:1
 |   |   |- Guid:EB5067BA4CDD98FF1E5EF292E56A7200 BaseClass:/Game/Characters/NPC/BaseAndTowers/BP_PlatformTurret.BP_PlatformTurret_C NativeClass:/Script/Engine.Actor Name:BP_PlatformTurret_C_UAID_D8BBC160FA903B7C01_1099516489 Label:BP_PlatformTurret4 SpatiallyLoaded:1 Bounds:IsValid=true, Min=(X=1295.365 Y=265.589 Z=-265.081), Max=(X=1695.365 Y=665.589 Z=481.587) RuntimeGrid:None EditorOnly:0 RuntimeOnly:0 HLODRelevant:0
 |   |   |- Guid:EC4E0C944CE6AC6E784BC6BB2916EA13 BaseClass: NativeClass:/Script/Engine.StaticMeshActor Name:StaticMeshActor_UAID_A4AE111137DC5EFB00_1110535423 Label:SM_SkySphere SpatiallyLoaded:1 Bounds:IsValid=true, Min=(X=-1638400.000 Y=-1638400.000 Z=-1638400.000), Max=(X=1638400.000 Y=1638400.000 Z=1638400.000) RuntimeGrid:None EditorOnly:0 RuntimeOnly:0 HLODRelevant:1 FolderPath:Lighting FolderGuid:963EC3EB4002CCE9759E2EBA541A873A
 |   |   |- Guid:EF0D1BD94ACDD18F2D4D08907B624ED3 BaseClass: NativeClass:/Script/Landscape.LandscapeStreamingProxy Name:LandscapeStreamingProxy_3ZVUH86V2Y6XJGRPON9S9G4CJ_1_0_2_0 Label:LandscapeStreamingProxy_0_2_0 SpatiallyLoaded:1 Bounds:IsValid=true, Min=(X=-25200.000 Y=0.000 Z=-100.000), Max=(X=-12600.000 Y=12600.000 Z=100.000) RuntimeGrid:None EditorOnly:0 RuntimeOnly:0 HLODRelevant:1
 |   |   |- Guid:EF824FC149776DDD386C32BB350D82D6 BaseClass: NativeClass:/Script/Landscape.LandscapeSplineActor Name:LandscapeSplineActor_UAID_D8BBC160FA90027A01_1220196365 Label:LandscapeSplineActor SpatiallyLoaded:1 Bounds:IsValid=true, Min=(X=-699.777 Y=-391.015 Z=-20.006), Max=(X=3935.669 Y=3767.657 Z=131.840) RuntimeGrid:None EditorOnly:0 RuntimeOnly:0 HLODRelevant:1
 |   |   |- Guid:F5E3FEB3450C49844FD93DA8E083C8AD BaseClass: NativeClass:/Script/Engine.PostProcessVolume Name:PostProcessVolume_0 Label:PostProcessVolume SpatiallyLoaded:0 Bounds:IsValid=true, Min=(X=0.000 Y=0.000 Z=400.000), Max=(X=200.000 Y=200.000 Z=600.000) RuntimeGrid:None EditorOnly:0 RuntimeOnly:0 HLODRelevant:0 FolderPath:Lighting FolderGuid:963EC3EB4002CCE9759E2EBA541A873A
 |   |- [+] Clusters:
 |   |   |- [+] [  0]
 |   |   |   |- Guid:6BAF4DDD444C60371492D3919DB42C97 BaseClass: NativeClass:/Script/Engine.WorldDataLayers Name:WorldDataLayers Label:None SpatiallyLoaded:0 Bounds:IsValid=true, Min=(X=0.000 Y=0.000 Z=0.000), Max=(X=0.000 Y=0.000 Z=0.000) RuntimeGrid:None EditorOnly:0 RuntimeOnly:0 HLODRelevant:0
 |   |   |- [+] [  1]
 |   |   |   |- Guid:104783D94E11B2BA2FB1F0B13292805E BaseClass:/Game/Characters/NPC/Enemies/BP_Spawner.BP_Spawner_C NativeClass:/Script/Engine.Actor Name:BP_Spawner_C_UAID_D8BBC160FA90187901_1433764160 Label:BP_Spawner SpatiallyLoaded:1 Bounds:IsValid=true, Min=(X=376.642 Y=-2017.769 Z=-1284.737), Max=(X=3543.576 Y=1864.869 Z=1806.232) RuntimeGrid:None EditorOnly:0 RuntimeOnly:0 HLODRelevant:0
 |   |   |- [+] [  2]
 |   |   |   |- Guid:F5E3FEB3450C49844FD93DA8E083C8AD BaseClass: NativeClass:/Script/Engine.PostProcessVolume Name:PostProcessVolume_0 Label:PostProcessVolume SpatiallyLoaded:0 Bounds:IsValid=true, Min=(X=0.000 Y=0.000 Z=400.000), Max=(X=200.000 Y=200.000 Z=600.000) RuntimeGrid:None EditorOnly:0 RuntimeOnly:0 HLODRelevant:0 FolderPath:Lighting FolderGuid:963EC3EB4002CCE9759E2EBA541A873A
 |   |   |- [+] [  3]
 |   |   |   |- Guid:9B021B41449A521EB05090A68E489B2B BaseClass: NativeClass:/Script/Landscape.LandscapeStreamingProxy Name:LandscapeStreamingProxy_3ZVUH86V2Y6XJGRPON9S9G4CJ_1_0_0_0 Label:LandscapeStreamingProxy_0_0_0 SpatiallyLoaded:1 Bounds:IsValid=true, Min=(X=-25200.000 Y=-25200.000 Z=-100.000), Max=(X=-12600.000 Y=-12600.000 Z=100.000) RuntimeGrid:None EditorOnly:0 RuntimeOnly:0 HLODRelevant:1
 |   |   |- [+] [  4]
 |   |   |   |- Guid:6C645BF3431C7929E5DF9C9E0E7BDF61 BaseClass: NativeClass:/Script/Landscape.LandscapeStreamingProxy Name:LandscapeStreamingProxy_3ZVUH86V2Y6XJGRPON9S9G4CJ_1_3_0_0 Label:LandscapeStreamingProxy_3_0_0 SpatiallyLoaded:1 Bounds:IsValid=true, Min=(X=12600.000 Y=-25200.000 Z=-100.000), Max=(X=25200.000 Y=-12600.000 Z=100.000) RuntimeGrid:None EditorOnly:0 RuntimeOnly:0 HLODRelevant:1
 |   |   |- [+] [  5]
 |   |   |   |- Guid:9E8FEF42463F51E694A34F88CFFABB70 BaseClass: NativeClass:/Script/Landscape.LandscapeStreamingProxy Name:LandscapeStreamingProxy_3ZVUH86V2Y6XJGRPON9S9G4CJ_1_2_2_0 Label:LandscapeStreamingProxy_2_2_0 SpatiallyLoaded:1 Bounds:IsValid=true, Min=(X=0.000 Y=0.000 Z=-100.000), Max=(X=12600.000 Y=12600.000 Z=100.000) RuntimeGrid:None EditorOnly:0 RuntimeOnly:0 HLODRelevant:1
 |   |   |- [+] [  6]
 |   |   |   |- Guid:EB5067BA4CDD98FF1E5EF292E56A7200 BaseClass:/Game/Characters/NPC/BaseAndTowers/BP_PlatformTurret.BP_PlatformTurret_C NativeClass:/Script/Engine.Actor Name:BP_PlatformTurret_C_UAID_D8BBC160FA903B7C01_1099516489 Label:BP_PlatformTurret4 SpatiallyLoaded:1 Bounds:IsValid=true, Min=(X=1295.365 Y=265.589 Z=-265.081), Max=(X=1695.365 Y=665.589 Z=481.587) RuntimeGrid:None EditorOnly:0 RuntimeOnly:0 HLODRelevant:0
 |   |   |- [+] [  7]
 |   |   |   |- Guid:C976C69A4A2A68E6CB37E89ABBA03A8F BaseClass:/Game/Characters/NPC/BaseAndTowers/BP_PlatformTurret.BP_PlatformTurret_C NativeClass:/Script/Engine.Actor Name:BP_PlatformTurret_C_UAID_D8BBC160FA90F37901_1107702703 Label:BP_PlatformTurret SpatiallyLoaded:1 Bounds:IsValid=true, Min=(X=2180.524 Y=1922.978 Z=-265.081), Max=(X=2580.524 Y=2322.978 Z=481.587) RuntimeGrid:None EditorOnly:0 RuntimeOnly:0 HLODRelevant:0
 |   |   |- [+] [  8]
 |   |   |   |- Guid:4D3BE93F4146AAAC8BBE79999D96D57F BaseClass: NativeClass:/Script/Engine.VolumetricCloud Name:VolumetricCloud_0 Label:VolumetricCloud SpatiallyLoaded:0 Bounds:IsValid=true, Min=(X=0.000 Y=0.000 Z=820.000), Max=(X=0.000 Y=0.000 Z=820.000) RuntimeGrid:None EditorOnly:0 RuntimeOnly:0 HLODRelevant:0 FolderPath:Lighting FolderGuid:963EC3EB4002CCE9759E2EBA541A873A
 |   |   |- [+] [  9]
 |   |   |   |- Guid:A670447749827C281F5CEAA6B336A4E3 BaseClass:/Game/Characters/NPC/BaseAndTowers/BP_PlatformTurret.BP_PlatformTurret_C NativeClass:/Script/Engine.Actor Name:BP_PlatformTurret_C_UAID_D8BBC160FA903B7C01_1102197490 Label:BP_PlatformTurret5 SpatiallyLoaded:1 Bounds:IsValid=true, Min=(X=2060.034 Y=131.562 Z=-265.081), Max=(X=2460.034 Y=531.562 Z=481.587) RuntimeGrid:None EditorOnly:0 RuntimeOnly:0 HLODRelevant:0
 |   |   |- [+] [ 10]
 |   |   |   |- Guid:CCFF262C46EEFFDF319E7F9539CE697E BaseClass: NativeClass:/Script/Engine.SkyAtmosphere Name:SkyAtmosphere_0 Label:SkyAtmosphere SpatiallyLoaded:0 Bounds:IsValid=true, Min=(X=0.000 Y=0.000 Z=1020.000), Max=(X=0.000 Y=0.000 Z=1020.000) RuntimeGrid:None EditorOnly:0 RuntimeOnly:0 HLODRelevant:0 FolderPath:Lighting FolderGuid:963EC3EB4002CCE9759E2EBA541A873A
 |   |   |- [+] [ 11]
 |   |   |   |- Guid:EC4E0C944CE6AC6E784BC6BB2916EA13 BaseClass: NativeClass:/Script/Engine.StaticMeshActor Name:StaticMeshActor_UAID_A4AE111137DC5EFB00_1110535423 Label:SM_SkySphere SpatiallyLoaded:1 Bounds:IsValid=true, Min=(X=-1638400.000 Y=-1638400.000 Z=-1638400.000), Max=(X=1638400.000 Y=1638400.000 Z=1638400.000) RuntimeGrid:None EditorOnly:0 RuntimeOnly:0 HLODRelevant:1 FolderPath:Lighting FolderGuid:963EC3EB4002CCE9759E2EBA541A873A
 |   |   |- [+] [ 12]
 |   |   |   |- Guid:36F0C2DE4A0CE8BA0AB5A9914ADBE8F3 BaseClass: NativeClass:/Script/Landscape.LandscapeStreamingProxy Name:LandscapeStreamingProxy_3ZVUH86V2Y6XJGRPON9S9G4CJ_1_3_2_0 Label:LandscapeStreamingProxy_3_2_0 SpatiallyLoaded:1 Bounds:IsValid=true, Min=(X=12600.000 Y=0.000 Z=-100.000), Max=(X=25200.000 Y=12600.000 Z=100.000) RuntimeGrid:None EditorOnly:0 RuntimeOnly:0 HLODRelevant:1
 |   |   |- [+] [ 13]
 |   |   |   |- Guid:B785ED2844B84CFB91E7F39FE661CD99 BaseClass: NativeClass:/Script/Engine.DirectionalLight Name:DirectionalLight_0 Label:DirectionalLight SpatiallyLoaded:0 Bounds:IsValid=true, Min=(X=-1048576.000 Y=-1048576.000 Z=-1048576.000), Max=(X=1048576.000 Y=1048576.000 Z=1048576.000) RuntimeGrid:None EditorOnly:0 RuntimeOnly:0 HLODRelevant:0 FolderPath:Lighting FolderGuid:963EC3EB4002CCE9759E2EBA541A873A
 |   |   |- [+] [ 14]
 |   |   |   |- Guid:EF0D1BD94ACDD18F2D4D08907B624ED3 BaseClass: NativeClass:/Script/Landscape.LandscapeStreamingProxy Name:LandscapeStreamingProxy_3ZVUH86V2Y6XJGRPON9S9G4CJ_1_0_2_0 Label:LandscapeStreamingProxy_0_2_0 SpatiallyLoaded:1 Bounds:IsValid=true, Min=(X=-25200.000 Y=0.000 Z=-100.000), Max=(X=-12600.000 Y=12600.000 Z=100.000) RuntimeGrid:None EditorOnly:0 RuntimeOnly:0 HLODRelevant:1
 |   |   |- [+] [ 15]
 |   |   |   |- Guid:316CF2A6494ACA4C0E4180A87D36AB8F BaseClass: NativeClass:/Script/Engine.ExponentialHeightFog Name:ExponentialHeightFog_0 Label:ExponentialHeightFog SpatiallyLoaded:0 Bounds:IsValid=true, Min=(X=-5600.000 Y=-50.000 Z=-6850.000), Max=(X=-5600.000 Y=-50.000 Z=-6850.000) RuntimeGrid:None EditorOnly:0 RuntimeOnly:0 HLODRelevant:0 FolderGuid:963EC3EB4002CCE9759E2EBA541A873A
 |   |   |- [+] [ 16]
 |   |   |   |- Guid:D6DD163E43BD3D4C97F59BA70CDB5F4C BaseClass: NativeClass:/Script/Landscape.LandscapeStreamingProxy Name:LandscapeStreamingProxy_3ZVUH86V2Y6XJGRPON9S9G4CJ_1_2_0_0 Label:LandscapeStreamingProxy_2_0_0 SpatiallyLoaded:1 Bounds:IsValid=true, Min=(X=0.000 Y=-25200.000 Z=-100.000), Max=(X=12600.000 Y=-12600.000 Z=100.000) RuntimeGrid:None EditorOnly:0 RuntimeOnly:0 HLODRelevant:1
 |   |   |- [+] [ 17]
 |   |   |   |- Guid:5FAF65E145A6BC22A350FAAC845D8EE2 BaseClass:/Game/Characters/NPC/BaseAndTowers/BP_PlatformTurret.BP_PlatformTurret_C NativeClass:/Script/Engine.Actor Name:BP_PlatformTurret_C_UAID_D8BBC160FA903B7C01_1104409491 Label:BP_PlatformTurret6 SpatiallyLoaded:1 Bounds:IsValid=true, Min=(X=2060.034 Y=1231.365 Z=-265.081), Max=(X=2460.034 Y=1631.365 Z=481.587) RuntimeGrid:None EditorOnly:0 RuntimeOnly:0 HLODRelevant:0
 |   |   |- [+] [ 18]
 |   |   |   |- Guid:98580F3F4DD362E294FA40B82D2FF6CC BaseClass: NativeClass:/Script/Landscape.LandscapeStreamingProxy Name:LandscapeStreamingProxy_3ZVUH86V2Y6XJGRPON9S9G4CJ_1_2_1_0 Label:LandscapeStreamingProxy_2_1_0 SpatiallyLoaded:1 Bounds:IsValid=true, Min=(X=0.000 Y=-12600.000 Z=-100.000), Max=(X=12600.000 Y=0.000 Z=100.000) RuntimeGrid:None EditorOnly:0 RuntimeOnly:0 HLODRelevant:1
 |   |   |- [+] [ 19]
 |   |   |   |- Guid:D636E9A24F23BDFA4B92668D4552509A BaseClass:/Game/Characters/NPC/BaseAndTowers/BP_PlatformTurret.BP_PlatformTurret_C NativeClass:/Script/Engine.Actor Name:BP_PlatformTurret_C_UAID_D8BBC160FA903B7C01_1107355492 Label:BP_PlatformTurret7 SpatiallyLoaded:1 Bounds:IsValid=true, Min=(X=779.572 Y=-954.698 Z=-265.081), Max=(X=1179.572 Y=-554.698 Z=481.587) RuntimeGrid:None EditorOnly:0 RuntimeOnly:0 HLODRelevant:0
 |   |   |- [+] [ 20]
 |   |   |   |- Guid:38EB59794D2C434251BC73AA317A26AA BaseClass: NativeClass:/Script/Landscape.LandscapeStreamingProxy Name:LandscapeStreamingProxy_3ZVUH86V2Y6XJGRPON9S9G4CJ_1_1_0_0 Label:LandscapeStreamingProxy_1_0_0 SpatiallyLoaded:1 Bounds:IsValid=true, Min=(X=-12600.000 Y=-25200.000 Z=-100.000), Max=(X=0.000 Y=-12600.000 Z=100.000) RuntimeGrid:None EditorOnly:0 RuntimeOnly:0 HLODRelevant:1
 |   |   |- [+] [ 21]
 |   |   |   |- Guid:2FB58999456391D349DC0F86DAC136ED BaseClass: NativeClass:/Script/Engine.SkyLight Name:SkyLight_1 Label:SkyLight SpatiallyLoaded:0 Bounds:IsValid=true, Min=(X=0.000 Y=0.000 Z=690.000), Max=(X=0.000 Y=0.000 Z=690.000) RuntimeGrid:None EditorOnly:0 RuntimeOnly:0 HLODRelevant:0 FolderPath:Lighting FolderGuid:963EC3EB4002CCE9759E2EBA541A873A
 |   |   |- [+] [ 22]
 |   |   |   |- Guid:D8C8E0AF4E7255E3EBD63AB4F0F985A1 BaseClass:/Game/Characters/NPC/BaseAndTowers/BP_PlatformTurret.BP_PlatformTurret_C NativeClass:/Script/Engine.Actor Name:BP_PlatformTurret_C_UAID_D8BBC160FA903B7C01_1112791493 Label:BP_PlatformTurret8 SpatiallyLoaded:1 Bounds:IsValid=true, Min=(X=779.572 Y=63.015 Z=-265.081), Max=(X=1179.572 Y=463.015 Z=481.587) RuntimeGrid:None EditorOnly:0 RuntimeOnly:0 HLODRelevant:0
 |   |   |- [+] [ 23]
 |   |   |   |- Guid:430E6C02492CA4215A8652BF31216D70 BaseClass: NativeClass:/Script/Landscape.LandscapeStreamingProxy Name:LandscapeStreamingProxy_3ZVUH86V2Y6XJGRPON9S9G4CJ_1_3_1_0 Label:LandscapeStreamingProxy_3_1_0 SpatiallyLoaded:1 Bounds:IsValid=true, Min=(X=12600.000 Y=-12600.000 Z=-100.000), Max=(X=25200.000 Y=0.000 Z=100.000) RuntimeGrid:None EditorOnly:0 RuntimeOnly:0 HLODRelevant:1
 |   |   |- [+] [ 24]
 |   |   |   |- Guid:EF824FC149776DDD386C32BB350D82D6 BaseClass: NativeClass:/Script/Landscape.LandscapeSplineActor Name:LandscapeSplineActor_UAID_D8BBC160FA90027A01_1220196365 Label:LandscapeSplineActor SpatiallyLoaded:1 Bounds:IsValid=true, Min=(X=-699.777 Y=-391.015 Z=-20.006), Max=(X=3935.669 Y=3767.657 Z=131.840) RuntimeGrid:None EditorOnly:0 RuntimeOnly:0 HLODRelevant:1
 |   |   |   |- Guid:44B9FC6D4659D8E3B66320B9903FF3C3 BaseClass: NativeClass:/Script/Landscape.LandscapeSplineActor Name:LandscapeSplineActor_UAID_D8BBC160FA90027A01_1096987364 Label:LandscapeSplineActor SpatiallyLoaded:1 Bounds:IsValid=true, Min=(X=-1592.244 Y=-2929.286 Z=-18.750), Max=(X=3058.878 Y=2959.019 Z=134.640) RuntimeGrid:None EditorOnly:0 RuntimeOnly:0 HLODRelevant:1
 |   |   |   |- Guid:8556C13A45082979EFAFC8A29C4DBC18 BaseClass: NativeClass:/Script/Landscape.Landscape Name:Landscape_UAID_D8BBC160FA90007A01_1509383005 Label:Landscape SpatiallyLoaded:0 Bounds:IsValid=true, Min=(X=-25200.000 Y=-25200.000 Z=0.000), Max=(X=-25200.000 Y=-25200.000 Z=0.000) RuntimeGrid:None EditorOnly:0 RuntimeOnly:0 HLODRelevant:0
 |   |   |- [+] [ 25]
 |   |   |   |- Guid:4DB1EF02480F69CC6D26EC80B83A9819 BaseClass: NativeClass:/Script/Engine.StaticMeshActor Name:StaticMeshActor_UAID_D8BBC160FA900D7A01_1654465279 Label:animeGirl SpatiallyLoaded:1 Bounds:IsValid=true, Min=(X=602.051 Y=-1530.204 Z=4.532), Max=(X=768.110 Y=-1379.298 Z=652.741) RuntimeGrid:None EditorOnly:0 RuntimeOnly:0 HLODRelevant:1
 |   |   |- [+] [ 26]
 |   |   |   |- Guid:AAB20C58411457303C24A19191A74DB8 BaseClass:/Game/Characters/NPC/BaseAndTowers/BP_PlatformTurret.BP_PlatformTurret_C NativeClass:/Script/Engine.Actor Name:BP_PlatformTurret_C_UAID_D8BBC160FA903B7C01_1097646488 Label:BP_PlatformTurret3 SpatiallyLoaded:1 Bounds:IsValid=true, Min=(X=1052.440 Y=1138.033 Z=-265.081), Max=(X=1452.440 Y=1538.033 Z=481.587) RuntimeGrid:None EditorOnly:0 RuntimeOnly:0 HLODRelevant:0
 |   |   |- [+] [ 27]
 |   |   |   |- Guid:7015D6CD46ECB835D00868ABEEADC358 BaseClass:/Game/Characters/NPC/BaseAndTowers/BP_PlatformTurret.BP_PlatformTurret_C NativeClass:/Script/Engine.Actor Name:BP_PlatformTurret_C_UAID_D8BBC160FA903B7C01_1094562487 Label:BP_PlatformTurret2 SpatiallyLoaded:1 Bounds:IsValid=true, Min=(X=1052.440 Y=2042.247 Z=-265.081), Max=(X=1452.440 Y=2442.247 Z=481.587) RuntimeGrid:None EditorOnly:0 RuntimeOnly:0 HLODRelevant:0
 |   |   |- [+] [ 28]
 |   |   |   |- Guid:ACCA8CEF43CF6D124577B3A90CAA4518 BaseClass:/Game/Characters/NPC/Enemies/BP_Spawner.BP_Spawner_C NativeClass:/Script/Engine.Actor Name:BP_Spawner_C_UAID_D8BBC160FA90187901_1564069162 Label:BP_Spawner2 SpatiallyLoaded:1 Bounds:IsValid=true, Min=(X=-525.760 Y=-1444.538 Z=-1286.836), Max=(X=2798.837 Y=3945.635 Z=1804.133) RuntimeGrid:None EditorOnly:0 RuntimeOnly:0 HLODRelevant:0
 |   |   |- [+] [ 29]
 |   |   |   |- Guid:6C5BEF3F4640D2830B9FE7BAF0C05C03 BaseClass: NativeClass:/Script/Landscape.LandscapeStreamingProxy Name:LandscapeStreamingProxy_3ZVUH86V2Y6XJGRPON9S9G4CJ_1_3_3_0 Label:LandscapeStreamingProxy_3_3_0 SpatiallyLoaded:1 Bounds:IsValid=true, Min=(X=12600.000 Y=12600.000 Z=-100.000), Max=(X=25200.000 Y=25200.000 Z=100.000) RuntimeGrid:None EditorOnly:0 RuntimeOnly:0 HLODRelevant:1
 |   |   |- [+] [ 30]
 |   |   |   |- Guid:3A00AA1C422CE54C0BDB60BAF471BFBB BaseClass: NativeClass:/Script/Engine.PlayerStart Name:PlayerStart_0 Label:PlayerStart SpatiallyLoaded:0 Bounds:IsValid=true, Min=(X=1760.000 Y=1290.000 Z=0.013), Max=(X=1840.000 Y=1370.000 Z=184.013) RuntimeGrid:None EditorOnly:0 RuntimeOnly:0 HLODRelevant:0
 |   |   |- [+] [ 31]
 |   |   |   |- Guid:A36EECCB40FD8764258009850E18E61D BaseClass: NativeClass:/Script/Landscape.LandscapeStreamingProxy Name:LandscapeStreamingProxy_3ZVUH86V2Y6XJGRPON9S9G4CJ_1_0_3_0 Label:LandscapeStreamingProxy_0_3_0 SpatiallyLoaded:1 Bounds:IsValid=true, Min=(X=-25200.000 Y=12600.000 Z=-100.000), Max=(X=-12600.000 Y=25200.000 Z=100.000) RuntimeGrid:None EditorOnly:0 RuntimeOnly:0 HLODRelevant:1
 |   |   |- [+] [ 32]
 |   |   |   |- Guid:C3394C914DC6CBBF966A83ACB3CCF2DE BaseClass: NativeClass:/Script/Landscape.LandscapeStreamingProxy Name:LandscapeStreamingProxy_3ZVUH86V2Y6XJGRPON9S9G4CJ_1_1_1_0 Label:LandscapeStreamingProxy_1_1_0 SpatiallyLoaded:1 Bounds:IsValid=true, Min=(X=-12600.000 Y=-12600.000 Z=-100.000), Max=(X=0.000 Y=0.000 Z=100.000) RuntimeGrid:None EditorOnly:0 RuntimeOnly:0 HLODRelevant:1
 |   |   |- [+] [ 33]
 |   |   |   |- Guid:97EB87E24356E5AA22B95DB3F1D9F93F BaseClass: NativeClass:/Script/Landscape.LandscapeStreamingProxy Name:LandscapeStreamingProxy_3ZVUH86V2Y6XJGRPON9S9G4CJ_1_2_3_0 Label:LandscapeStreamingProxy_2_3_0 SpatiallyLoaded:1 Bounds:IsValid=true, Min=(X=0.000 Y=12600.000 Z=-100.000), Max=(X=12600.000 Y=25200.000 Z=100.000) RuntimeGrid:None EditorOnly:0 RuntimeOnly:0 HLODRelevant:1
 |   |   |- [+] [ 34]
 |   |   |   |- Guid:7F707D074F7246042909708B4D897AD8 BaseClass: NativeClass:/Script/Landscape.LandscapeStreamingProxy Name:LandscapeStreamingProxy_3ZVUH86V2Y6XJGRPON9S9G4CJ_1_1_3_0 Label:LandscapeStreamingProxy_1_3_0 SpatiallyLoaded:1 Bounds:IsValid=true, Min=(X=-12600.000 Y=12600.000 Z=-100.000), Max=(X=0.000 Y=25200.000 Z=100.000) RuntimeGrid:None EditorOnly:0 RuntimeOnly:0 HLODRelevant:1
 |   |   |- [+] [ 35]
 |   |   |   |- Guid:030320E44959246A60715C8ADB25723C BaseClass: NativeClass:/Script/Landscape.LandscapeStreamingProxy Name:LandscapeStreamingProxy_3ZVUH86V2Y6XJGRPON9S9G4CJ_1_0_1_0 Label:LandscapeStreamingProxy_0_1_0 SpatiallyLoaded:1 Bounds:IsValid=true, Min=(X=-25200.000 Y=-12600.000 Z=-100.000), Max=(X=-12600.000 Y=0.000 Z=100.000) RuntimeGrid:None EditorOnly:0 RuntimeOnly:0 HLODRelevant:1
 |   |   |- [+] [ 36]
 |   |   |   |- Guid:DDA1FABD461E609D0707A19B60DE8396 BaseClass: NativeClass:/Script/Landscape.LandscapeStreamingProxy Name:LandscapeStreamingProxy_3ZVUH86V2Y6XJGRPON9S9G4CJ_1_1_2_0 Label:LandscapeStreamingProxy_1_2_0 SpatiallyLoaded:1 Bounds:IsValid=true, Min=(X=-12600.000 Y=0.000 Z=-100.000), Max=(X=0.000 Y=12600.000 Z=100.000) RuntimeGrid:None EditorOnly:0 RuntimeOnly:0 HLODRelevant:1
 |- ContainerInstances:
 |- [+] MainContainer:
 |   |-        ID: 0x0000000000000000
 |   |-    Bounds: IsValid=false, Min=(X=0.000 Y=0.000 Z=0.000), Max=(X=0.000 Y=0.000 Z=0.000)
 |   |- Transform: 0.000000,0.000000,0.000000|0.000000,0.000000,-0.000000|1.000000,1.000000,1.000000
 |   |- Container: /Game/ThirdPerson/Maps/ThirdPersonMap
----------------------------------------------------------------------------------------------------------------
ThirdPersonMap - Persistent Level
----------------------------------------------------------------------------------------------------------------
Always loaded Actor Count: 47 

----------------------------------------------------------------------------------------------------------------
ThirdPersonMap - Runtime Spatial Hash - Streaming Grid - MainGrid
----------------------------------------------------------------------------------------------------------------
            Origin: X=0.000 Y=0.000 Z=0.000
         Cell Size: 12800
      World Bounds: IsValid=false, Min=(X=0.000 Y=0.000 Z=0.000), Max=(X=0.000 Y=0.000 Z=0.000)
     Loading Range: 25600.00
Block Slow Loading: No
 ClientOnlyVisible: No

[+] Grid Levels: 1
 |- Level  0: Cell Count    0 | Cell Size   12800 | Actor Count    0 (0.0%)

[+] Content of Grid Level 0

